<?xml version="1.0" encoding="UTF-8"?>
<!-- Generated by org.testng.reporters.JUnitReportReporter -->
<testsuite hostname="DESKTOP-AIAMBOH" failures="0" tests="4" name="tests.Testing1" time="0.009" errors="0" timestamp="20 Dec. 2020 22:51:56 GMT" skipped="0">
  <testcase classname="tests.Testing1" name="test2" time="0.002"/>
  <testcase classname="tests.Testing1" name="f" time="0.004"/>
  <testcase classname="tests.Testing1" name="f" time="0.001"/>
  <testcase classname="tests.Testing1" name="test1" time="0.002"/>
</testsuite> <!-- tests.Testing1 -->
