<?xml version="1.0" encoding="UTF-8"?>
<!-- Generated by org.testng.reporters.JUnitReportReporter -->
<testsuite hostname="DESKTOP-AIAMBOH" failures="0" tests="2" name="tests.Testing2" time="0.001" errors="0" timestamp="20 Dec. 2020 22:51:56 GMT" skipped="0">
  <testcase classname="tests.Testing2" name="test2" time="0.001"/>
  <testcase classname="tests.Testing2" name="test1" time="0.000"/>
</testsuite> <!-- tests.Testing2 -->
