<?xml version="1.0" encoding="UTF-8"?>
<!-- Generated by org.testng.reporters.JUnitReportReporter -->
<testsuite hostname="DESKTOP-AIAMBOH" failures="0" tests="1" name="tests.AppTest" time="0.009" errors="0" timestamp="20 Dec. 2020 22:51:57 GMT" skipped="0">
  <testcase classname="tests.AppTest" name="shouldAnswerWithTrue" time="0.009"/>
</testsuite> <!-- tests.AppTest -->
