<?xml version="1.0" encoding="UTF-8"?>
<!-- Generated by org.testng.reporters.JUnitReportReporter -->
<testsuite hostname="DESKTOP-AIAMBOH" failures="0" tests="2" name="tests.Testing2" time="0.005" errors="0" timestamp="29 Jan. 2021 21:27:26 GMT" skipped="0">
  <testcase classname="tests.Testing2" name="test2" time="0.001"/>
  <testcase classname="tests.Testing2" name="test1" time="0.004"/>
</testsuite> <!-- tests.Testing2 -->
