<?xml version="1.0" encoding="UTF-8"?>
<!-- Generated by org.testng.reporters.JUnitReportReporter -->
<testsuite hostname="DESKTOP-AIAMBOH" failures="0" tests="4" name="tests.Testing1" time="0.012" errors="0" timestamp="29 Jan. 2021 20:30:07 GMT" skipped="0">
  <testcase classname="tests.Testing1" name="f" time="0.002"/>
  <testcase classname="tests.Testing1" name="f" time="0.007"/>
  <testcase classname="tests.Testing1" name="test1" time="0.002"/>
  <testcase classname="tests.Testing1" name="test2" time="0.001"/>
</testsuite> <!-- tests.Testing1 -->
