<?xml version="1.0" encoding="UTF-8"?>
<!-- Generated by org.testng.reporters.JUnitReportReporter -->
<testsuite hostname="DESKTOP-AIAMBOH" failures="0" tests="4" name="tests.LoginTest" time="7.997" errors="0" timestamp="31 Jan. 2021 07:16:33 GMT" skipped="0">
  <testcase classname="tests.LoginTest" name="verifyLoginSucessTest" time="0.030"/>
  <testcase classname="tests.LoginTest" name="loginTest" time="4.313"/>
  <testcase classname="tests.LoginTest" name="verifyLogoutIcon" time="0.320"/>
  <testcase classname="tests.LoginTest" name="verifyLogoutSuccess" time="3.334"/>
</testsuite> <!-- tests.LoginTest -->
